This is pdfTeXk, Version 3.1415926-1.40.9 (Web2C 7.5.7) (format=pdflatex 2008.9.14)  9 OCT 2008 16:33
entering extended mode
 %&-line parsing enabled.
**softlibre.tex
(./softlibre.tex
LaTeX2e <2005/12/01>
Babel <v3.8l> and hyphenation patterns for english, usenglishmax, dumylang, noh
yphenation, german-x-2008-06-18, ngerman-x-2008-06-18, ancientgreek, ibycus, ar
abic, basque, bulgarian, catalan, pinyin, coptic, croatian, czech, danish, dutc
h, esperanto, estonian, farsi, finnish, french, galician, german, ngerman, mono
greek, greek, hungarian, icelandic, indonesian, interlingua, irish, italian, la
tin, mongolian, mongolian2a, bokmal, nynorsk, polish, portuguese, romanian, rus
sian, sanskrit, serbian, slovak, slovenian, spanish, swedish, turkish, ukenglis
h, ukrainian, uppersorbian, welsh, loaded.
(/usr/local/texlive/2008/texmf-dist/tex/latex/base/book.cls
Document Class: book 2005/09/16 v1.4f Standard LaTeX document class
(/usr/local/texlive/2008/texmf-dist/tex/latex/base/bk11.clo
File: bk11.clo 2005/09/16 v1.4f Standard LaTeX file (size option)
)
\c@part=\count79
\c@chapter=\count80
\c@section=\count81
\c@subsection=\count82
\c@subsubsection=\count83
\c@paragraph=\count84
\c@subparagraph=\count85
\c@figure=\count86
\c@table=\count87
\abovecaptionskip=\skip41
\belowcaptionskip=\skip42
\bibindent=\dimen102
)
(/usr/local/texlive/2008/texmf-dist/tex/latex/base/inputenc.sty
Package: inputenc 2006/05/05 v1.1b Input encoding file
\inpenc@prehook=\toks14
\inpenc@posthook=\toks15

(/usr/local/texlive/2008/texmf-dist/tex/latex/base/latin1.def
File: latin1.def 2006/05/05 v1.1b Input encoding file
))
(/usr/local/texlive/2008/texmf-dist/tex/generic/babel/babel.sty
Package: babel 2008/07/06 v3.8l The Babel package

(/usr/local/texlive/2008/texmf-dist/tex/generic/babel/spanish.ldf
Language: spanish.ldf 2008/07/06 v5.0e Spanish support from the babel system

(/usr/local/texlive/2008/texmf-dist/tex/generic/babel/babel.def
File: babel.def 2008/07/06 v3.8l Babel common definitions
\babel@savecnt=\count88
\U@D=\dimen103
)
\es@datefmt=\count89
\es@quottoks=\toks16
\es@quotdepth=\count90
Package babel Info: Making " an active character on input line 490.
Package babel Info: Making . an active character on input line 583.
Package babel Info: Making < an active character on input line 628.
Package babel Info: Making > an active character on input line 628.
))
(/usr/local/texlive/2008/texmf-dist/tex/latex/setspace/setspace.sty
Package: setspace 2000/12/01 6.7 Contributed and Supported LaTeX2e package

Package: `setspace' 6.7 <2000/12/01>
) (/usr/local/texlive/2008/texmf-dist/tex/latex/geometry/geometry.sty
Package: geometry 2002/07/08 v3.2 Page Geometry

(/usr/local/texlive/2008/texmf-dist/tex/latex/graphics/keyval.sty
Package: keyval 1999/03/16 v1.13 key=value parser (DPC)
\KV@toks@=\toks17
)
\Gm@cnth=\count91
\Gm@cntv=\count92
\c@Gm@tempcnt=\count93
\Gm@bindingoffset=\dimen104
\Gm@wd@mp=\dimen105
\Gm@odd@mp=\dimen106
\Gm@even@mp=\dimen107
\Gm@dimlist=\toks18

(/usr/local/texlive/2008/texmf-dist/tex/xelatex/xetexconfig/geometry.cfg))
(/usr/local/texlive/2008/texmf-dist/tex/latex/psnfss/palatino.sty
Package: palatino 2005/04/12 PSNFSS-v9.2a (SPQR) 
)
(/usr/local/texlive/2008/texmf-dist/tex/latex/base/fontenc.sty
Package: fontenc 2005/09/27 v1.99g Standard LaTeX package

(/usr/local/texlive/2008/texmf-dist/tex/latex/base/t1enc.def
File: t1enc.def 2005/09/27 v1.99g Standard LaTeX file
LaTeX Font Info:    Redeclaring font encoding T1 on input line 43.
))
(/usr/local/texlive/2008/texmf-dist/tex/latex/titlesec/titlesec.sty
Package: titlesec 2007/08/12 v2.8 Sectioning titles
\ttl@box=\box26
\beforetitleunit=\skip43
\aftertitleunit=\skip44
\ttl@plus=\dimen108
\ttl@minus=\dimen109
\ttl@toksa=\toks19
\titlewidth=\dimen110
\titlewidthlast=\dimen111
\titlewidthfirst=\dimen112
)
(/usr/local/texlive/2008/texmf-dist/tex/latex/ltxmisc/url.sty
\Urlmuskip=\muskip10
Package: url 2006/04/12  ver 3.3  Verb mode for urls, etc.
)
(/usr/local/texlive/2008/texmf-dist/tex/latex/graphics/graphicx.sty
Package: graphicx 1999/02/16 v1.0f Enhanced LaTeX Graphics (DPC,SPQR)

(/usr/local/texlive/2008/texmf-dist/tex/latex/graphics/graphics.sty
Package: graphics 2006/02/20 v1.0o Standard LaTeX Graphics (DPC,SPQR)

(/usr/local/texlive/2008/texmf-dist/tex/latex/graphics/trig.sty
Package: trig 1999/03/16 v1.09 sin cos tan (DPC)
)
(/usr/local/texlive/2008/texmf/tex/latex/config/graphics.cfg
File: graphics.cfg 2007/01/18 v1.5 graphics configuration of teTeX/TeXLive
)
Package graphics Info: Driver file: pdftex.def on input line 90.

(/usr/local/texlive/2008/texmf-dist/tex/latex/pdftex-def/pdftex.def
File: pdftex.def 2008/07/16 v0.04k Graphics/color for pdfTeX
\Gread@gobject=\count94
))
\Gin@req@height=\dimen113
\Gin@req@width=\dimen114
)
(/usr/local/texlive/2008/texmf-dist/tex/latex/fancyhdr/fancyhdr.sty
\fancy@headwidth=\skip45
\f@ncyO@elh=\skip46
\f@ncyO@erh=\skip47
\f@ncyO@olh=\skip48
\f@ncyO@orh=\skip49
\f@ncyO@elf=\skip50
\f@ncyO@erf=\skip51
\f@ncyO@olf=\skip52
\f@ncyO@orf=\skip53
)

Package Fancyhdr Warning: \fancyhead's `E' option without twoside option is use
less on input line 87.


Package Fancyhdr Warning: \fancyhead's `E' option without twoside option is use
less on input line 89.

(./softlibre.aux (./presentacion.aux) (./acerca.aux) (./introduccion.aux)
(./1_El_proyecto_GNU.aux) (./2_Manifiesto_GNU.aux)
(./3_La_definicion_de_software_libre.aux) (./4_no_propietarios.aux)
(./5_que_encierra_un_nombre.aux) (./6.aux)
(./7_la_distribucion_de_sl_en_la_Universidad.aux)
(./8_Vender_software_libre.aux) (./9_El_software_libre_necesita_doc_libre.aux)
(./11_El_derecho_a_leer.aux) (./12_malinterpretar_copyright.aux)
(./13_La_ciencia_debe_desechar_copyright.aux) (./14_que_es_el_copyleft.aux)
(./15_copyleft_pragmatismo_o_idealismo.aux)
(./16_El_peligro_de_las_patentes_del_software.aux)
(./17_Puedes_confiar_en_tu_ordenador.aux) (./18_pqel_softw_debe_ser_libre.aux)
(./19_copyright_y_globalizacion.aux) (./20_softwlibre.libertad_y_coper.aux)
(./21_algunas_palabras_a_evitar.aux) (./licencia_publicagnu.aux)
(./licenciapublica_menor.aux) (./GFDL.aux))
\openout1 = `softlibre.aux'.

LaTeX Font Info:    Checking defaults for OML/cmm/m/it on input line 153.
LaTeX Font Info:    ... okay on input line 153.
LaTeX Font Info:    Checking defaults for T1/cmr/m/n on input line 153.
LaTeX Font Info:    ... okay on input line 153.
LaTeX Font Info:    Checking defaults for OT1/cmr/m/n on input line 153.
LaTeX Font Info:    ... okay on input line 153.
LaTeX Font Info:    Checking defaults for OMS/cmsy/m/n on input line 153.
LaTeX Font Info:    ... okay on input line 153.
LaTeX Font Info:    Checking defaults for OMX/cmex/m/n on input line 153.
LaTeX Font Info:    ... okay on input line 153.
LaTeX Font Info:    Checking defaults for U/cmr/m/n on input line 153.
LaTeX Font Info:    ... okay on input line 153.
LaTeX Font Info:    Try loading font information for T1+ppl on input line 153.

(/usr/local/texlive/2008/texmf-dist/tex/latex/psnfss/t1ppl.fd
File: t1ppl.fd 2001/06/04 font definitions for T1/ppl.
)
-------------------- Geometry parameters
paper: a4paper
landscape: --
twocolumn: --
twoside: --
asymmetric: --
h-parts: 89.62709pt, 0.7\paperwidth , 89.6271pt (default)
v-parts: 101.40665pt, 0.7\paperheight , 152.11pt (default)
hmarginratio: 1:1
vmarginratio: 2:3
lines: --
heightrounded: --
bindingoffset: 0.0pt
truedimen: --
includehead: --
includefoot: --
includemp: --
driver: pdftex
-------------------- Page layout dimensions and switches
\paperwidth  597.50787pt
\paperheight 845.04684pt
\textwidth  418.25368pt
\textheight 591.5302pt
\oddsidemargin  17.3571pt
\evensidemargin 17.3571pt
\topmargin  -2.73714pt
\headheight 12.0pt
\headsep    19.91692pt
\footskip   27.46295pt
\marginparwidth 53.0pt
\marginparsep   7.0pt
\columnsep  10.0pt
\skip\footins  10.0pt plus 4.0pt minus 2.0pt
\hoffset 0.0pt
\voffset 0.0pt
\mag 1000

(1in=72.27pt, 1cm=28.45pt)
-----------------------

(/usr/local/texlive/2008/texmf-dist/tex/context/base/supp-pdf.tex
[Loading MPS to PDF converter (version 2006.09.02).]
\scratchcounter=\count95
\scratchdimen=\dimen115
\scratchbox=\box27
\nofMPsegments=\count96
\nofMParguments=\count97
\everyMPshowfont=\toks20
\MPscratchCnt=\count98
\MPscratchDim=\dimen116
\MPnumerator=\count99
\everyMPtoPDFconversion=\toks21
) <portada_img.pdf, id=1, 272.01625pt x 395.4775pt>
File: portada_img.pdf Graphic file (type pdf)
 <use portada_img.pdf>
[1

{/usr/local/texlive/2008/texmf-var/fonts/map/pdftex/updmap/pdftex.map} <./porta
da_img.pdf>]
LaTeX Font Info:    Font shape `T1/ppl/bx/n' in size <10.95> not available
(Font)              Font shape `T1/ppl/b/n' tried instead on input line 161.
LaTeX Font Info:    External font `cmex10' loaded for size
(Font)              <9> on input line 176.
LaTeX Font Info:    External font `cmex10' loaded for size
(Font)              <6> on input line 176.
LaTeX Font Info:    External font `cmex10' loaded for size
(Font)              <5> on input line 176.
LaTeX Font Info:    Try loading font information for OMS+ppl on input line 183.

 (/usr/local/texlive/2008/texmf-dist/tex/latex/psnfss/omsppl.fd
File: omsppl.fd 
)
LaTeX Font Info:    Font shape `OMS/ppl/m/n' in size <9> not available
(Font)              Font shape `OMS/cmsy/m/n' tried instead on input line 183.

[2

]
\openout2 = `presentacion.aux'.

 (./presentacion.tex
LaTeX Font Info:    Try loading font information for T1+pcr on input line 3.

(/usr/local/texlive/2008/texmf-dist/tex/latex/psnfss/t1pcr.fd
File: t1pcr.fd 2001/06/04 font definitions for T1/pcr.
)
LaTeX Font Info:    Try loading font information for T1+phv on input line 15.

(/usr/local/texlive/2008/texmf-dist/tex/latex/psnfss/t1phv.fd
File: t1phv.fd 2001/06/04 scalable font definitions for T1/phv.
)
LaTeX Font Info:    Font shape `T1/phv/m/it' in size <10.95> not available
(Font)              Font shape `T1/phv/m/sl' tried instead on input line 30.
)

Package Fancyhdr Warning: \headheight is too small (12.0pt): 
 Make it at least 13.59999pt.
 We now make it that large for the rest of the document.
 This may cause the page layout to be inconsistent, however.

[3

]
LaTeX Font Info:    Font shape `T1/ppl/bx/n' in size <20.74> not available
(Font)              Font shape `T1/ppl/b/n' tried instead on input line 223.
 (./softlibre.toc
LaTeX Font Info:    Font shape `T1/ppl/bx/sc' in size <10.95> not available
(Font)              Font shape `T1/ppl/b/sc' tried instead on input line 4.
LaTeX Font Info:    Font shape `T1/ppl/bx/n' in size <12> not available
(Font)              Font shape `T1/ppl/b/n' tried instead on input line 5.
LaTeX Font Info:    External font `cmex10' loaded for size
(Font)              <10.95> on input line 7.
LaTeX Font Info:    External font `cmex10' loaded for size
(Font)              <8> on input line 7.
 [4


] [5] [6] [7])
\tf@toc=\write3
\openout3 = `softlibre.toc'.

 [8]
\openout2 = `acerca.aux'.

 (./acerca.tex

Package Fancyhdr Warning: \fancyhead's `E' option without twoside option is use
less on input line 4.

[9


]) [10]
\openout2 = `introduccion.aux'.

 (./introduccion.tex

Package Fancyhdr Warning: \fancyhead's `E' option without twoside option is use
less on input line 3.

[11



] [12] [13]) [14]

Package Fancyhdr Warning: \fancyhead's `E' option without twoside option is use
less on input line 239.

LaTeX Font Info:    Font shape `T1/ppl/bx/n' in size <24.88> not available
(Font)              Font shape `T1/ppl/b/n' tried instead on input line 242.
[15


]
\openout2 = `1_El_proyecto_GNU.aux'.

 (./1_El_proyecto_GNU.tex
Cap\'{\i }tulo 1.
LaTeX Font Info:    Font shape `T1/ppl/bx/n' in size <14.4> not available
(Font)              Font shape `T1/ppl/b/n' tried instead on input line 3.
LaTeX Font Info:    External font `cmex10' loaded for size
(Font)              <20.74> on input line 3.
LaTeX Font Info:    External font `cmex10' loaded for size
(Font)              <14.4> on input line 3.
LaTeX Font Info:    External font `cmex10' loaded for size
(Font)              <12> on input line 3.
[16


] [17] [18] [19] [20] [21] [22] [23] [24] [25] [26] [27] [28] [29] [30]
[31] [32]) [33] [34]
\openout2 = `2_Manifiesto_GNU.aux'.

 (./2_Manifiesto_GNU.tex
Cap\'{\i }tulo 2.
[35



] [36] [37] [38] [39] [40] [41] [42] [43]) [44]
\openout2 = `3_La_definicion_de_software_libre.aux'.


(./3_La_definicion_de_software_libre.tex
Cap\'{\i }tulo 3.
[45



] [46]) [47]
\openout2 = `4_no_propietarios.aux'.

 (./4_no_propietarios.tex
Cap\'{\i }tulo 4.
[48



] [49] [50] [51] [52]) [53]
\openout2 = `5_que_encierra_un_nombre.aux'.

 (./5_que_encierra_un_nombre.tex
Cap\'{\i }tulo 5.
[54



] [55]) [56]
\openout2 = `6.aux'.

 (./6.tex
Cap\'{\i }tulo 6.
[57



] [58] [59] [60] [61]) [62]
\openout2 = `7_la_distribucion_de_sl_en_la_Universidad.aux'.

 (./7_la_distribucion_de_sl_en_la_Universidad.tex
Cap\'{\i }tulo 7.
[63



] [64]) [65]
\openout2 = `8_Vender_software_libre.aux'.

 (./8_Vender_software_libre.tex
Cap\'{\i }tulo 8.
[66



] [67]) [68]
\openout2 = `9_El_software_libre_necesita_doc_libre.aux'.

 (./9_El_software_libre_necesita_doc_libre.tex
Cap\'{\i }tulo 9.
[69



] [70]) [71]
Cap\'{\i }tulo 10.
<free-song.pdf, id=238, 363.3575pt x 390.45876pt>
File: free-song.pdf Graphic file (type pdf)
 <use free-song.pdf> [72


 <./free-song.pdf>] [73

]
\openout2 = `11_El_derecho_a_leer.aux'.

 (./11_El_derecho_a_leer.tex
Cap\'{\i }tulo 11.
[74


] [75] [76]) [77]
\openout2 = `12_malinterpretar_copyright.aux'.

 (./12_malinterpretar_copyright.tex
Cap\'{\i }tulo 12.
[78



]
LaTeX Font Info:    External font `cmex10' loaded for size
(Font)              <7> on input line 67.
 [79] [80] [81] [82] [83] [84] [85] [86] [87] [88]) [89]
\openout2 = `13_La_ciencia_debe_desechar_copyright.aux'.


(./13_La_ciencia_debe_desechar_copyright.tex
Cap\'{\i }tulo 13.
[90



]) [91]
\openout2 = `14_que_es_el_copyleft.aux'.

 (./14_que_es_el_copyleft.tex
Cap\'{\i }tulo 14.
[92



] [93]) [94]
\openout2 = `15_copyleft_pragmatismo_o_idealismo.aux'.

 (./15_copyleft_pragmatismo_o_idealismo.tex
Cap\'{\i }tulo 15.
[95



] [96]) [97]
\openout2 = `16_El_peligro_de_las_patentes_del_software.aux'.

 (./16_El_peligro_de_las_patentes_del_software.tex
Cap\'{\i }tulo 16.
[98



] [99] [100] [101] [102] [103] [104] [105] [106] [107] [108] [109] [110]
[111] [112] [113] [114] [115]) [116] [117


]
\openout2 = `17_Puedes_confiar_en_tu_ordenador.aux'.


(./17_Puedes_confiar_en_tu_ordenador.tex
Cap\'{\i }tulo 17.
[118


] [119] [120]) [121]
\openout2 = `18_pqel_softw_debe_ser_libre.aux'.

 (./18_pqel_softw_debe_ser_libre.tex
Cap\'{\i }tulo 18.
[122



] [123] [124] [125] [126] [127] [128] [129] [130] [131] [132] [133]
[134] [135] [136] [137]) [138]
\openout2 = `19_copyright_y_globalizacion.aux'.

 (./19_copyright_y_globalizacion.tex
Cap\'{\i }tulo 19.
[139



] [140] [141] [142] [143] [144] [145] [146] [147] [148] [149] [150]
[151] [152] [153] [154] [155] [156] [157] [158] [159] [160]) [161]
\openout2 = `20_softwlibre.libertad_y_coper.aux'.


(./20_softwlibre.libertad_y_coper.tex
Cap\'{\i }tulo 20.
[162



] [163] [164] [165] [166] [167] [168] [169] [170] [171] [172] [173]
[174] [175] [176] [177] [178] [179] [180] [181] [182] [183] [184] [185]
[186] [187] [188] [189] [190] [191] [192] [193] [194] [195] [196]) [197]
\openout2 = `21_algunas_palabras_a_evitar.aux'.


(./21_algunas_palabras_a_evitar.tex
Cap\'{\i }tulo 21.
[198



] [199] [200] [201] [202] [203]) [204] [205


]
\openout2 = `licencia_publicagnu.aux'.

 (./licencia_publicagnu.tex
Ap\'{e}ndice A.
LaTeX Font Info:    Font shape `OMS/ppl/m/n' in size <10> not available
(Font)              Font shape `OMS/cmsy/m/n' tried instead on input line 22.
[206


] [207] [208] [209] [210] [211]
LaTeX Font Info:    Font shape `T1/pcr/m/it' in size <10> not available
(Font)              Font shape `T1/pcr/m/sl' tried instead on input line 370.
 [212]
LaTeX Font Info:    Try loading font information for OMS+pcr on input line 396.


(/usr/local/texlive/2008/texmf-dist/tex/latex/psnfss/omspcr.fd
File: omspcr.fd 
)
LaTeX Font Info:    Font shape `OMS/pcr/m/n' in size <10> not available
(Font)              Font shape `OMS/cmsy/m/n' tried instead on input line 396.
) [213]
\openout2 = `licenciapublica_menor.aux'.


(./licenciapublica_menor.tex
Ap\'{e}ndice B.
[214



] [215] [216] [217] [218] [219] [220] [221] [222] [223]) [224]
\openout2 = `GFDL.aux'.

 (./GFDL.tex
Ap\'{e}ndice C.
[225



] [226] [227] [228] [229] [230] [231]) [232] (./softlibre.aux
(./presentacion.aux) (./acerca.aux) (./introduccion.aux)
(./1_El_proyecto_GNU.aux) (./2_Manifiesto_GNU.aux)
(./3_La_definicion_de_software_libre.aux) (./4_no_propietarios.aux)
(./5_que_encierra_un_nombre.aux) (./6.aux)
(./7_la_distribucion_de_sl_en_la_Universidad.aux)
(./8_Vender_software_libre.aux) (./9_El_software_libre_necesita_doc_libre.aux)
(./11_El_derecho_a_leer.aux) (./12_malinterpretar_copyright.aux)
(./13_La_ciencia_debe_desechar_copyright.aux) (./14_que_es_el_copyleft.aux)
(./15_copyleft_pragmatismo_o_idealismo.aux)
(./16_El_peligro_de_las_patentes_del_software.aux)
(./17_Puedes_confiar_en_tu_ordenador.aux) (./18_pqel_softw_debe_ser_libre.aux)
(./19_copyright_y_globalizacion.aux) (./20_softwlibre.libertad_y_coper.aux)
(./21_algunas_palabras_a_evitar.aux) (./licencia_publicagnu.aux)
(./licenciapublica_menor.aux) (./GFDL.aux)) ) 
Here is how much of TeX's memory you used:
 3096 strings out of 493886
 42245 string characters out of 1151099
 107310 words of memory out of 3000000
 6131 multiletter control sequences out of 10000+50000
 51494 words of font info for 89 fonts, out of 3000000 for 5000
 714 hyphenation exceptions out of 8191
 33i,11n,43p,301b,565s stack positions out of 5000i,500n,10000p,200000b,50000s
{/usr/local/texlive/2008/texmf-dis
t/fonts/enc/dvips/base/8r.enc}</usr/local/texlive/2008/texmf-dist/fonts/type1/b
luesky/cm/cmmi9.pfb></usr/local/texlive/2008/texmf-dist/fonts/type1/bluesky/cm/
cmr7.pfb></usr/local/texlive/2008/texmf-dist/fonts/type1/bluesky/cm/cmr8.pfb></
usr/local/texlive/2008/texmf-dist/fonts/type1/bluesky/cm/cmsy10.pfb></usr/local
/texlive/2008/texmf-dist/fonts/type1/bluesky/cm/cmsy9.pfb></usr/local/texlive/2
008/texmf-dist/fonts/type1/urw/courier/ucrr8a.pfb></usr/local/texlive/2008/texm
f-dist/fonts/type1/urw/courier/ucrro8a.pfb></usr/local/texlive/2008/texmf-dist/
fonts/type1/urw/helvetic/uhvr8a.pfb></usr/local/texlive/2008/texmf-dist/fonts/t
ype1/urw/helvetic/uhvro8a.pfb></usr/local/texlive/2008/texmf-dist/fonts/type1/u
rw/palatino/uplb8a.pfb></usr/local/texlive/2008/texmf-dist/fonts/type1/urw/pala
tino/uplr8a.pfb></usr/local/texlive/2008/texmf-dist/fonts/type1/urw/palatino/up
lri8a.pfb>
Output written on softlibre.pdf (232 pages, 800102 bytes).
PDF statistics:
 812 PDF objects out of 1000 (max. 8388607)
 0 named destinations out of 1000 (max. 131072)
 11 words of extra memory for PDF output out of 10000 (max. 10000000)

